2022-01-12 17:35:53.675  INFO 7532 --- [http-nio-8888-exec-4] com.zaxxer.hikari.HikariDataSource       : HikariPool-1 - Starting...
2022-01-12 17:35:54.258  INFO 7532 --- [http-nio-8888-exec-4] com.zaxxer.hikari.HikariDataSource       : HikariPool-1 - Start completed.
2022-01-12 17:35:54.277 DEBUG 7532 --- [http-nio-8888-exec-4] c.e.m.UserMapper.selectUserByUsername    : ==>  Preparing: select * from ex_user where username=?
2022-01-12 17:35:54.332 DEBUG 7532 --- [http-nio-8888-exec-4] c.e.m.UserMapper.selectUserByUsername    : ==> Parameters: user(String)
2022-01-12 17:35:54.376 DEBUG 7532 --- [http-nio-8888-exec-4] c.e.m.UserMapper.selectUserByUsername    : <==      Total: 0
2022-01-12 17:37:15.332 DEBUG 7532 --- [http-nio-8888-exec-7] c.example.mapper.UserMapper.insertUser   : ==>  Preparing: insert into ex_user values (?, ?, ?, ?)
2022-01-12 17:37:15.334 DEBUG 7532 --- [http-nio-8888-exec-7] c.example.mapper.UserMapper.insertUser   : ==> Parameters: 0(Integer), user(String), e10adc3949ba59abbe56e057f20f883e(String), 123456(String)
2022-01-12 17:37:15.362 DEBUG 7532 --- [http-nio-8888-exec-7] c.example.mapper.UserMapper.insertUser   : <==    Updates: 1
2022-01-12 17:37:15.363 DEBUG 7532 --- [http-nio-8888-exec-7] c.e.m.UserMapper.insertUser!selectKey    : ==>  Preparing: SELECT LAST_INSERT_ID()
2022-01-12 17:37:15.363 DEBUG 7532 --- [http-nio-8888-exec-7] c.e.m.UserMapper.insertUser!selectKey    : ==> Parameters: 
2022-01-12 17:37:15.383 DEBUG 7532 --- [http-nio-8888-exec-7] c.e.m.UserMapper.insertUser!selectKey    : <==      Total: 1
2022-01-12 17:37:15.387 DEBUG 7532 --- [http-nio-8888-exec-7] c.e.m.UserMapper.insertRoleIdAndUserId   : ==>  Preparing: insert into ex_role_user values (?, ?)
2022-01-12 17:37:15.388 DEBUG 7532 --- [http-nio-8888-exec-7] c.e.m.UserMapper.insertRoleIdAndUserId   : ==> Parameters: 1(Integer), 0(Integer)
2022-01-12 17:37:15.413 DEBUG 7532 --- [http-nio-8888-exec-7] c.e.m.UserMapper.insertRoleIdAndUserId   : <==    Updates: 1
2022-01-12 17:38:55.341 DEBUG 7532 --- [http-nio-8888-exec-10] c.example.mapper.UserMapper.insertUser   : ==>  Preparing: insert into ex_user values (?, ?, ?, ?)
2022-01-12 17:38:55.342 DEBUG 7532 --- [http-nio-8888-exec-10] c.example.mapper.UserMapper.insertUser   : ==> Parameters: 0(Integer), developer(String), 3d5d1299d63de6d215c684caf0a352f3(String), developer:123(String)
2022-01-12 17:38:55.363 DEBUG 7532 --- [http-nio-8888-exec-10] c.example.mapper.UserMapper.insertUser   : <==    Updates: 1
2022-01-12 17:38:55.364 DEBUG 7532 --- [http-nio-8888-exec-10] c.e.m.UserMapper.insertUser!selectKey    : ==>  Preparing: SELECT LAST_INSERT_ID()
2022-01-12 17:38:55.364 DEBUG 7532 --- [http-nio-8888-exec-10] c.e.m.UserMapper.insertUser!selectKey    : ==> Parameters: 
2022-01-12 17:38:55.375 DEBUG 7532 --- [http-nio-8888-exec-10] c.e.m.UserMapper.insertUser!selectKey    : <==      Total: 1
2022-01-12 17:38:55.376 DEBUG 7532 --- [http-nio-8888-exec-10] c.e.m.UserMapper.insertRoleIdAndUserId   : ==>  Preparing: insert into ex_role_user values (?, ?)
2022-01-12 17:38:55.377 DEBUG 7532 --- [http-nio-8888-exec-10] c.e.m.UserMapper.insertRoleIdAndUserId   : ==> Parameters: 2(Integer), 4(Integer)
2022-01-12 17:38:55.402 DEBUG 7532 --- [http-nio-8888-exec-10] c.e.m.UserMapper.insertRoleIdAndUserId   : <==    Updates: 1
